
*** Running vivado
    with args -log DSP48A1.vds -m64 -product Vivado -mode batch -messageDb vivado.pb -notrace -source DSP48A1.tcl


****** Vivado v2018.2 (64-bit)
  **** SW Build 2258646 on Thu Jun 14 20:03:12 MDT 2018
  **** IP Build 2256618 on Thu Jun 14 22:10:49 MDT 2018
    ** Copyright 1986-2018 Xilinx, Inc. All Rights Reserved.

source DSP48A1.tcl -notrace
Command: synth_design -top DSP48A1 -part xc7a200tffg1156-3
Starting synth_design
Attempting to get a license for feature 'Synthesis' and/or device 'xc7a200t'
INFO: [Common 17-349] Got license for feature 'Synthesis' and/or device 'xc7a200t'
INFO: Launching helper process for spawning children vivado processes
INFO: Helper process launched with PID 8776 
WARNING: [Synth 8-2490] overwriting previous definition of module DSP48A1 [C:/Users/Lenovo/Desktop/Digital/Kareem-Waseem-Diplome/Design/Projects/Project1-DSP48A1/Try2/qestasim/DSP48A1.v:1]
---------------------------------------------------------------------------------
Starting RTL Elaboration : Time (s): cpu = 00:00:04 ; elapsed = 00:00:04 . Memory (MB): peak = 368.004 ; gain = 111.086
---------------------------------------------------------------------------------
INFO: [Synth 8-6157] synthesizing module 'DSP48A1' [C:/Users/Lenovo/Desktop/Digital/Kareem-Waseem-Diplome/Design/Projects/Project1-DSP48A1/Try2/qestasim/DSP48A1.v:1]
	Parameter A0REG bound to: 0 - type: integer 
	Parameter A1REG bound to: 1 - type: integer 
	Parameter B0REG bound to: 0 - type: integer 
	Parameter B1REG bound to: 1 - type: integer 
	Parameter CREG bound to: 1 - type: integer 
	Parameter DREG bound to: 1 - type: integer 
	Parameter MREG bound to: 1 - type: integer 
	Parameter PREG bound to: 1 - type: integer 
	Parameter CARRYINREG bound to: 1 - type: integer 
	Parameter CARRYOUTREG bound to: 1 - type: integer 
	Parameter OPMODEREG bound to: 1 - type: integer 
	Parameter CARRYINSEL bound to: OPMODE5 - type: string 
	Parameter B_INPUT bound to: DIRECT - type: string 
	Parameter RSTTYPE bound to: SYNC - type: string 
INFO: [Synth 8-5534] Detected attribute (* use_dsp = "yes" *) [C:/Users/Lenovo/Desktop/Digital/Kareem-Waseem-Diplome/Design/Projects/Project1-DSP48A1/Try2/qestasim/DSP48A1.v:60]
INFO: [Synth 8-6155] done synthesizing module 'DSP48A1' (1#1) [C:/Users/Lenovo/Desktop/Digital/Kareem-Waseem-Diplome/Design/Projects/Project1-DSP48A1/Try2/qestasim/DSP48A1.v:1]
WARNING: [Synth 8-3331] design DSP48A1 has unconnected port CARRYIN
WARNING: [Synth 8-3331] design DSP48A1 has unconnected port BCIN[17]
WARNING: [Synth 8-3331] design DSP48A1 has unconnected port BCIN[16]
WARNING: [Synth 8-3331] design DSP48A1 has unconnected port BCIN[15]
WARNING: [Synth 8-3331] design DSP48A1 has unconnected port BCIN[14]
WARNING: [Synth 8-3331] design DSP48A1 has unconnected port BCIN[13]
WARNING: [Synth 8-3331] design DSP48A1 has unconnected port BCIN[12]
WARNING: [Synth 8-3331] design DSP48A1 has unconnected port BCIN[11]
WARNING: [Synth 8-3331] design DSP48A1 has unconnected port BCIN[10]
WARNING: [Synth 8-3331] design DSP48A1 has unconnected port BCIN[9]
WARNING: [Synth 8-3331] design DSP48A1 has unconnected port BCIN[8]
WARNING: [Synth 8-3331] design DSP48A1 has unconnected port BCIN[7]
WARNING: [Synth 8-3331] design DSP48A1 has unconnected port BCIN[6]
WARNING: [Synth 8-3331] design DSP48A1 has unconnected port BCIN[5]
WARNING: [Synth 8-3331] design DSP48A1 has unconnected port BCIN[4]
WARNING: [Synth 8-3331] design DSP48A1 has unconnected port BCIN[3]
WARNING: [Synth 8-3331] design DSP48A1 has unconnected port BCIN[2]
WARNING: [Synth 8-3331] design DSP48A1 has unconnected port BCIN[1]
WARNING: [Synth 8-3331] design DSP48A1 has unconnected port BCIN[0]
---------------------------------------------------------------------------------
Finished RTL Elaboration : Time (s): cpu = 00:00:05 ; elapsed = 00:00:05 . Memory (MB): peak = 401.461 ; gain = 144.543
---------------------------------------------------------------------------------

Report Check Netlist: 
+------+------------------+-------+---------+-------+------------------+
|      |Item              |Errors |Warnings |Status |Description       |
+------+------------------+-------+---------+-------+------------------+
|1     |multi_driven_nets |      0|        0|Passed |Multi driven nets |
+------+------------------+-------+---------+-------+------------------+
---------------------------------------------------------------------------------
Start Handling Custom Attributes
---------------------------------------------------------------------------------
---------------------------------------------------------------------------------
Finished Handling Custom Attributes : Time (s): cpu = 00:00:05 ; elapsed = 00:00:05 . Memory (MB): peak = 401.461 ; gain = 144.543
---------------------------------------------------------------------------------
---------------------------------------------------------------------------------
Finished RTL Optimization Phase 1 : Time (s): cpu = 00:00:05 ; elapsed = 00:00:05 . Memory (MB): peak = 401.461 ; gain = 144.543
---------------------------------------------------------------------------------
INFO: [Device 21-403] Loading part xc7a200tffg1156-3
INFO: [Project 1-570] Preparing netlist for logic optimization

Processing XDC Constraints
Initializing timing engine
Parsing XDC File [C:/Users/Lenovo/Desktop/Digital/Kareem-Waseem-Diplome/Design/Projects/Project1-DSP48A1/Try2/vivado/DSP48A1.xdc]
Finished Parsing XDC File [C:/Users/Lenovo/Desktop/Digital/Kareem-Waseem-Diplome/Design/Projects/Project1-DSP48A1/Try2/vivado/DSP48A1.xdc]
INFO: [Project 1-236] Implementation specific constraints were found while reading constraint file [C:/Users/Lenovo/Desktop/Digital/Kareem-Waseem-Diplome/Design/Projects/Project1-DSP48A1/Try2/vivado/DSP48A1.xdc]. These constraints will be ignored for synthesis but will be used in implementation. Impacted constraints are listed in the file [.Xil/DSP48A1_propImpl.xdc].
Resolution: To avoid this warning, move constraints listed in [.Xil/DSP48A1_propImpl.xdc] to another XDC file and exclude this new file from synthesis with the used_in_synthesis property (File Properties dialog in GUI) and re-run elaboration/synthesis.
Completed Processing XDC Constraints

INFO: [Project 1-111] Unisim Transformation Summary:
No Unisim elements were transformed.

Constraint Validation Runtime : Time (s): cpu = 00:00:00 ; elapsed = 00:00:00.007 . Memory (MB): peak = 814.160 ; gain = 0.000
---------------------------------------------------------------------------------
Finished Constraint Validation : Time (s): cpu = 00:00:57 ; elapsed = 00:01:01 . Memory (MB): peak = 814.160 ; gain = 557.242
---------------------------------------------------------------------------------
---------------------------------------------------------------------------------
Start Loading Part and Timing Information
---------------------------------------------------------------------------------
Loading part: xc7a200tffg1156-3
---------------------------------------------------------------------------------
Finished Loading Part and Timing Information : Time (s): cpu = 00:00:57 ; elapsed = 00:01:01 . Memory (MB): peak = 814.160 ; gain = 557.242
---------------------------------------------------------------------------------
---------------------------------------------------------------------------------
Start Applying 'set_property' XDC Constraints
---------------------------------------------------------------------------------
---------------------------------------------------------------------------------
Finished applying 'set_property' XDC Constraints : Time (s): cpu = 00:00:57 ; elapsed = 00:01:01 . Memory (MB): peak = 814.160 ; gain = 557.242
---------------------------------------------------------------------------------
INFO: [Synth 8-5818] HDL ADVISOR - The operator resource <adder> is shared. To prevent sharing consider applying a KEEP on the output of the operator [C:/Users/Lenovo/Desktop/Digital/Kareem-Waseem-Diplome/Design/Projects/Project1-DSP48A1/Try2/qestasim/DSP48A1.v:211]
INFO: [Synth 8-5818] HDL ADVISOR - The operator resource <adder> is shared. To prevent sharing consider applying a KEEP on the output of the operator [C:/Users/Lenovo/Desktop/Digital/Kareem-Waseem-Diplome/Design/Projects/Project1-DSP48A1/Try2/qestasim/DSP48A1.v:313]
---------------------------------------------------------------------------------
Finished RTL Optimization Phase 2 : Time (s): cpu = 00:00:58 ; elapsed = 00:01:01 . Memory (MB): peak = 814.160 ; gain = 557.242
---------------------------------------------------------------------------------

Report RTL Partitions: 
+-+--------------+------------+----------+
| |RTL Partition |Replication |Instances |
+-+--------------+------------+----------+
+-+--------------+------------+----------+
---------------------------------------------------------------------------------
Start RTL Component Statistics 
---------------------------------------------------------------------------------
Detailed RTL Component Info : 
+---Adders : 
	   2 Input     49 Bit       Adders := 1     
	   3 Input     49 Bit       Adders := 1     
	   3 Input     18 Bit       Adders := 1     
+---Registers : 
	               48 Bit    Registers := 2     
	               36 Bit    Registers := 1     
	               18 Bit    Registers := 4     
	                8 Bit    Registers := 1     
	                1 Bit    Registers := 2     
+---Muxes : 
	   2 Input     49 Bit        Muxes := 2     
	   4 Input     48 Bit        Muxes := 1     
	   2 Input     48 Bit        Muxes := 3     
	   2 Input     35 Bit        Muxes := 1     
	   2 Input     18 Bit        Muxes := 2     
---------------------------------------------------------------------------------
Finished RTL Component Statistics 
---------------------------------------------------------------------------------
---------------------------------------------------------------------------------
Start RTL Hierarchical Component Statistics 
---------------------------------------------------------------------------------
Hierarchical RTL Component report 
Module DSP48A1 
Detailed RTL Component Info : 
+---Adders : 
	   2 Input     49 Bit       Adders := 1     
	   3 Input     49 Bit       Adders := 1     
	   3 Input     18 Bit       Adders := 1     
+---Registers : 
	               48 Bit    Registers := 2     
	               36 Bit    Registers := 1     
	               18 Bit    Registers := 4     
	                8 Bit    Registers := 1     
	                1 Bit    Registers := 2     
+---Muxes : 
	   2 Input     49 Bit        Muxes := 2     
	   4 Input     48 Bit        Muxes := 1     
	   2 Input     48 Bit        Muxes := 3     
	   2 Input     35 Bit        Muxes := 1     
	   2 Input     18 Bit        Muxes := 2     
---------------------------------------------------------------------------------
Finished RTL Hierarchical Component Statistics
---------------------------------------------------------------------------------
---------------------------------------------------------------------------------
Start Part Resource Summary
---------------------------------------------------------------------------------
Part Resources:
DSPs: 740 (col length:100)
BRAMs: 730 (col length: RAMB18 100 RAMB36 50)
---------------------------------------------------------------------------------
Finished Part Resource Summary
---------------------------------------------------------------------------------
---------------------------------------------------------------------------------
Start Cross Boundary and Area Optimization
---------------------------------------------------------------------------------
Warning: Parallel synthesis criteria is not met 
INFO: [Synth 8-4471] merging register 'A1_OUT_reg[17:0]' into 'A1_OUT_reg[17:0]' [C:/Users/Lenovo/Desktop/Digital/Kareem-Waseem-Diplome/Design/Projects/Project1-DSP48A1/Try2/qestasim/DSP48A1.v:195]
INFO: [Synth 8-4471] merging register 'BCOUT_reg[17:0]' into 'BCOUT_reg[17:0]' [C:/Users/Lenovo/Desktop/Digital/Kareem-Waseem-Diplome/Design/Projects/Project1-DSP48A1/Try2/qestasim/DSP48A1.v:224]
WARNING: [Synth 8-6014] Unused sequential element A1_OUT_reg was removed.  [C:/Users/Lenovo/Desktop/Digital/Kareem-Waseem-Diplome/Design/Projects/Project1-DSP48A1/Try2/qestasim/DSP48A1.v:195]
WARNING: [Synth 8-6014] Unused sequential element BCOUT_reg was removed.  [C:/Users/Lenovo/Desktop/Digital/Kareem-Waseem-Diplome/Design/Projects/Project1-DSP48A1/Try2/qestasim/DSP48A1.v:224]
DSP Report: Generating DSP mult_out_w, operation Mode is: C+A2*B2.
DSP Report: register A1_OUT_reg is absorbed into DSP mult_out_w.
DSP Report: register BCOUT_reg is absorbed into DSP mult_out_w.
DSP Report: operator mult_out_w is absorbed into DSP mult_out_w.
DSP Report: operator mult_out_w is absorbed into DSP mult_out_w.
WARNING: [Synth 8-3331] design DSP48A1 has unconnected port CARRYIN
WARNING: [Synth 8-3331] design DSP48A1 has unconnected port BCIN[17]
WARNING: [Synth 8-3331] design DSP48A1 has unconnected port BCIN[16]
WARNING: [Synth 8-3331] design DSP48A1 has unconnected port BCIN[15]
WARNING: [Synth 8-3331] design DSP48A1 has unconnected port BCIN[14]
WARNING: [Synth 8-3331] design DSP48A1 has unconnected port BCIN[13]
WARNING: [Synth 8-3331] design DSP48A1 has unconnected port BCIN[12]
WARNING: [Synth 8-3331] design DSP48A1 has unconnected port BCIN[11]
WARNING: [Synth 8-3331] design DSP48A1 has unconnected port BCIN[10]
WARNING: [Synth 8-3331] design DSP48A1 has unconnected port BCIN[9]
WARNING: [Synth 8-3331] design DSP48A1 has unconnected port BCIN[8]
WARNING: [Synth 8-3331] design DSP48A1 has unconnected port BCIN[7]
WARNING: [Synth 8-3331] design DSP48A1 has unconnected port BCIN[6]
WARNING: [Synth 8-3331] design DSP48A1 has unconnected port BCIN[5]
WARNING: [Synth 8-3331] design DSP48A1 has unconnected port BCIN[4]
WARNING: [Synth 8-3331] design DSP48A1 has unconnected port BCIN[3]
WARNING: [Synth 8-3331] design DSP48A1 has unconnected port BCIN[2]
WARNING: [Synth 8-3331] design DSP48A1 has unconnected port BCIN[1]
WARNING: [Synth 8-3331] design DSP48A1 has unconnected port BCIN[0]
---------------------------------------------------------------------------------
Finished Cross Boundary and Area Optimization : Time (s): cpu = 00:01:01 ; elapsed = 00:01:05 . Memory (MB): peak = 814.160 ; gain = 557.242
---------------------------------------------------------------------------------
---------------------------------------------------------------------------------
Start ROM, RAM, DSP and Shift Register Reporting
---------------------------------------------------------------------------------

DSP: Preliminary Mapping  Report (see note below)
+------------+-------------+--------+--------+--------+--------+--------+------+------+------+------+-------+------+------+
|Module Name | DSP Mapping | A Size | B Size | C Size | D Size | P Size | AREG | BREG | CREG | DREG | ADREG | MREG | PREG | 
+------------+-------------+--------+--------+--------+--------+--------+------+------+------+------+-------+------+------+
|DSP48A1     | C+A2*B2     | 18     | 17     | 35     | -      | 36     | 1    | 1    | 0    | -    | -     | 0    | 0    | 
+------------+-------------+--------+--------+--------+--------+--------+------+------+------+------+-------+------+------+

Note: The table above is a preliminary report that shows the DSPs inferred at the current stage of the synthesis flow. Some DSP may be reimplemented as non DSP primitives later in the synthesis flow. Multiple instantiated DSPs are reported only once.
---------------------------------------------------------------------------------
Finished ROM, RAM, DSP and Shift Register Reporting
---------------------------------------------------------------------------------

Report RTL Partitions: 
+-+--------------+------------+----------+
| |RTL Partition |Replication |Instances |
+-+--------------+------------+----------+
+-+--------------+------------+----------+
---------------------------------------------------------------------------------
Start Applying XDC Timing Constraints
---------------------------------------------------------------------------------
---------------------------------------------------------------------------------
Finished Applying XDC Timing Constraints : Time (s): cpu = 00:01:23 ; elapsed = 00:01:29 . Memory (MB): peak = 855.785 ; gain = 598.867
---------------------------------------------------------------------------------
---------------------------------------------------------------------------------
Start Timing Optimization
---------------------------------------------------------------------------------
---------------------------------------------------------------------------------
Finished Timing Optimization : Time (s): cpu = 00:01:26 ; elapsed = 00:01:31 . Memory (MB): peak = 886.766 ; gain = 629.848
---------------------------------------------------------------------------------

Report RTL Partitions: 
+-+--------------+------------+----------+
| |RTL Partition |Replication |Instances |
+-+--------------+------------+----------+
+-+--------------+------------+----------+
---------------------------------------------------------------------------------
Start Technology Mapping
---------------------------------------------------------------------------------
INFO: [Synth 8-5842] Cannot pack DSP OPMODE registers because of constant '1' value. Packing the registers will cause simulation mismatch at initial cycle [C:/Users/Lenovo/Desktop/Digital/Kareem-Waseem-Diplome/Design/Projects/Project1-DSP48A1/Try2/qestasim/DSP48A1.v:195]
---------------------------------------------------------------------------------
Finished Technology Mapping : Time (s): cpu = 00:01:26 ; elapsed = 00:01:32 . Memory (MB): peak = 886.824 ; gain = 629.906
---------------------------------------------------------------------------------

Report RTL Partitions: 
+-+--------------+------------+----------+
| |RTL Partition |Replication |Instances |
+-+--------------+------------+----------+
+-+--------------+------------+----------+
---------------------------------------------------------------------------------
Start IO Insertion
---------------------------------------------------------------------------------
---------------------------------------------------------------------------------
Start Flattening Before IO Insertion
---------------------------------------------------------------------------------
---------------------------------------------------------------------------------
Finished Flattening Before IO Insertion
---------------------------------------------------------------------------------
---------------------------------------------------------------------------------
Start Final Netlist Cleanup
---------------------------------------------------------------------------------
---------------------------------------------------------------------------------
Finished Final Netlist Cleanup
---------------------------------------------------------------------------------
---------------------------------------------------------------------------------
Finished IO Insertion : Time (s): cpu = 00:01:28 ; elapsed = 00:01:33 . Memory (MB): peak = 886.824 ; gain = 629.906
---------------------------------------------------------------------------------

Report Check Netlist: 
+------+------------------+-------+---------+-------+------------------+
|      |Item              |Errors |Warnings |Status |Description       |
+------+------------------+-------+---------+-------+------------------+
|1     |multi_driven_nets |      0|        0|Passed |Multi driven nets |
+------+------------------+-------+---------+-------+------------------+
---------------------------------------------------------------------------------
Start Renaming Generated Instances
---------------------------------------------------------------------------------
---------------------------------------------------------------------------------
Finished Renaming Generated Instances : Time (s): cpu = 00:01:28 ; elapsed = 00:01:33 . Memory (MB): peak = 886.824 ; gain = 629.906
---------------------------------------------------------------------------------

Report RTL Partitions: 
+-+--------------+------------+----------+
| |RTL Partition |Replication |Instances |
+-+--------------+------------+----------+
+-+--------------+------------+----------+
---------------------------------------------------------------------------------
Start Rebuilding User Hierarchy
---------------------------------------------------------------------------------
---------------------------------------------------------------------------------
Finished Rebuilding User Hierarchy : Time (s): cpu = 00:01:28 ; elapsed = 00:01:33 . Memory (MB): peak = 886.824 ; gain = 629.906
---------------------------------------------------------------------------------
---------------------------------------------------------------------------------
Start Renaming Generated Ports
---------------------------------------------------------------------------------
---------------------------------------------------------------------------------
Finished Renaming Generated Ports : Time (s): cpu = 00:01:28 ; elapsed = 00:01:33 . Memory (MB): peak = 886.824 ; gain = 629.906
---------------------------------------------------------------------------------
---------------------------------------------------------------------------------
Start Handling Custom Attributes
---------------------------------------------------------------------------------
---------------------------------------------------------------------------------
Finished Handling Custom Attributes : Time (s): cpu = 00:01:28 ; elapsed = 00:01:33 . Memory (MB): peak = 886.824 ; gain = 629.906
---------------------------------------------------------------------------------
---------------------------------------------------------------------------------
Start Renaming Generated Nets
---------------------------------------------------------------------------------
---------------------------------------------------------------------------------
Finished Renaming Generated Nets : Time (s): cpu = 00:01:28 ; elapsed = 00:01:33 . Memory (MB): peak = 886.824 ; gain = 629.906
---------------------------------------------------------------------------------
---------------------------------------------------------------------------------
Start Writing Synthesis Report
---------------------------------------------------------------------------------

Report BlackBoxes: 
+-+--------------+----------+
| |BlackBox name |Instances |
+-+--------------+----------+
+-+--------------+----------+

Report Cell Usage: 
+------+----------+------+
|      |Cell      |Count |
+------+----------+------+
|1     |BUFG      |     1|
|2     |CARRY4    |    31|
|3     |DSP48E1_1 |     1|
|4     |LUT1      |     1|
|5     |LUT2      |     1|
|6     |LUT3      |    82|
|7     |LUT4      |    61|
|8     |LUT5      |    83|
|9     |LUT6      |     1|
|10    |FDRE      |   196|
|11    |IBUF      |   175|
|12    |OBUF      |   152|
+------+----------+------+

Report Instance Areas: 
+------+---------+-------+------+
|      |Instance |Module |Cells |
+------+---------+-------+------+
|1     |top      |       |   785|
+------+---------+-------+------+
---------------------------------------------------------------------------------
Finished Writing Synthesis Report : Time (s): cpu = 00:01:28 ; elapsed = 00:01:33 . Memory (MB): peak = 886.824 ; gain = 629.906
---------------------------------------------------------------------------------
Synthesis finished with 0 errors, 0 critical warnings and 21 warnings.
Synthesis Optimization Runtime : Time (s): cpu = 00:00:35 ; elapsed = 00:00:43 . Memory (MB): peak = 886.824 ; gain = 217.207
Synthesis Optimization Complete : Time (s): cpu = 00:01:28 ; elapsed = 00:01:34 . Memory (MB): peak = 886.824 ; gain = 629.906
INFO: [Project 1-571] Translating synthesized netlist
INFO: [Netlist 29-17] Analyzing 207 Unisim elements for replacement
INFO: [Netlist 29-28] Unisim Transformation completed in 0 CPU seconds
INFO: [Project 1-570] Preparing netlist for logic optimization
INFO: [Opt 31-138] Pushed 0 inverter(s) to 0 load pin(s).
INFO: [Project 1-111] Unisim Transformation Summary:
No Unisim elements were transformed.

INFO: [Common 17-83] Releasing license: Synthesis
20 Infos, 41 Warnings, 0 Critical Warnings and 0 Errors encountered.
synth_design completed successfully
synth_design: Time (s): cpu = 00:01:31 ; elapsed = 00:01:37 . Memory (MB): peak = 886.824 ; gain = 643.219
WARNING: [Constraints 18-5210] No constraint will be written out.
INFO: [Common 17-1381] The checkpoint 'C:/Users/Lenovo/Desktop/Digital/Kareem-Waseem-Diplome/Design/Projects/Project1-DSP48A1/Try2/vivado/DSP48A1/DSP48A1.runs/synth_1/DSP48A1.dcp' has been generated.
INFO: [runtcl-4] Executing : report_utilization -file DSP48A1_utilization_synth.rpt -pb DSP48A1_utilization_synth.pb
report_utilization: Time (s): cpu = 00:00:00 ; elapsed = 00:00:00.276 . Memory (MB): peak = 886.824 ; gain = 0.000
INFO: [Common 17-206] Exiting Vivado at Mon Aug 11 05:25:44 2025...

*** Running vivado
    with args -log DSP48A1.vds -m64 -product Vivado -mode batch -messageDb vivado.pb -notrace -source DSP48A1.tcl


****** Vivado v2018.2 (64-bit)
  **** SW Build 2258646 on Thu Jun 14 20:03:12 MDT 2018
  **** IP Build 2256618 on Thu Jun 14 22:10:49 MDT 2018
    ** Copyright 1986-2018 Xilinx, Inc. All Rights Reserved.

source DSP48A1.tcl -notrace
Command: synth_design -top DSP48A1 -part xc7a200tffg1156-3
Starting synth_design
Attempting to get a license for feature 'Synthesis' and/or device 'xc7a200t'
INFO: [Common 17-349] Got license for feature 'Synthesis' and/or device 'xc7a200t'
INFO: Launching helper process for spawning children vivado processes
INFO: Helper process launched with PID 2064 
WARNING: [Synth 8-2490] overwriting previous definition of module DSP48A1 [C:/Users/Lenovo/Desktop/Digital/Kareem-Waseem-Diplome/Design/Projects/Project1-DSP48A1/Try2/qestasim/DSP48A1.v:1]
---------------------------------------------------------------------------------
Starting RTL Elaboration : Time (s): cpu = 00:00:04 ; elapsed = 00:00:07 . Memory (MB): peak = 368.512 ; gain = 111.793
---------------------------------------------------------------------------------
INFO: [Synth 8-6157] synthesizing module 'DSP48A1' [C:/Users/Lenovo/Desktop/Digital/Kareem-Waseem-Diplome/Design/Projects/Project1-DSP48A1/Try2/qestasim/DSP48A1.v:1]
	Parameter A0REG bound to: 0 - type: integer 
	Parameter A1REG bound to: 1 - type: integer 
	Parameter B0REG bound to: 0 - type: integer 
	Parameter B1REG bound to: 1 - type: integer 
	Parameter CREG bound to: 1 - type: integer 
	Parameter DREG bound to: 1 - type: integer 
	Parameter MREG bound to: 1 - type: integer 
	Parameter PREG bound to: 1 - type: integer 
	Parameter CARRYINREG bound to: 1 - type: integer 
	Parameter CARRYOUTREG bound to: 1 - type: integer 
	Parameter OPMODEREG bound to: 1 - type: integer 
	Parameter CARRYINSEL bound to: OPMODE5 - type: string 
	Parameter B_INPUT bound to: DIRECT - type: string 
	Parameter RSTTYPE bound to: SYNC - type: string 
INFO: [Synth 8-6157] synthesizing module 'FF_SYNC' [C:/Users/Lenovo/Desktop/Digital/Kareem-Waseem-Diplome/Design/Projects/Project1-DSP48A1/Try2/qestasim/DSP48A1.v:211]
	Parameter WIDTH bound to: 8 - type: integer 
INFO: [Synth 8-6155] done synthesizing module 'FF_SYNC' (1#1) [C:/Users/Lenovo/Desktop/Digital/Kareem-Waseem-Diplome/Design/Projects/Project1-DSP48A1/Try2/qestasim/DSP48A1.v:211]
INFO: [Synth 8-6157] synthesizing module 'FF_SYNC__parameterized0' [C:/Users/Lenovo/Desktop/Digital/Kareem-Waseem-Diplome/Design/Projects/Project1-DSP48A1/Try2/qestasim/DSP48A1.v:211]
	Parameter WIDTH bound to: 18 - type: integer 
INFO: [Synth 8-6155] done synthesizing module 'FF_SYNC__parameterized0' (1#1) [C:/Users/Lenovo/Desktop/Digital/Kareem-Waseem-Diplome/Design/Projects/Project1-DSP48A1/Try2/qestasim/DSP48A1.v:211]
INFO: [Synth 8-6157] synthesizing module 'FF_SYNC__parameterized1' [C:/Users/Lenovo/Desktop/Digital/Kareem-Waseem-Diplome/Design/Projects/Project1-DSP48A1/Try2/qestasim/DSP48A1.v:211]
	Parameter WIDTH bound to: 36 - type: integer 
INFO: [Synth 8-6155] done synthesizing module 'FF_SYNC__parameterized1' (1#1) [C:/Users/Lenovo/Desktop/Digital/Kareem-Waseem-Diplome/Design/Projects/Project1-DSP48A1/Try2/qestasim/DSP48A1.v:211]
INFO: [Synth 8-6157] synthesizing module 'FF_SYNC__parameterized2' [C:/Users/Lenovo/Desktop/Digital/Kareem-Waseem-Diplome/Design/Projects/Project1-DSP48A1/Try2/qestasim/DSP48A1.v:211]
	Parameter WIDTH bound to: 48 - type: integer 
INFO: [Synth 8-6155] done synthesizing module 'FF_SYNC__parameterized2' (1#1) [C:/Users/Lenovo/Desktop/Digital/Kareem-Waseem-Diplome/Design/Projects/Project1-DSP48A1/Try2/qestasim/DSP48A1.v:211]
INFO: [Synth 8-6157] synthesizing module 'FF_SYNC__parameterized3' [C:/Users/Lenovo/Desktop/Digital/Kareem-Waseem-Diplome/Design/Projects/Project1-DSP48A1/Try2/qestasim/DSP48A1.v:211]
	Parameter WIDTH bound to: 1 - type: integer 
INFO: [Synth 8-6155] done synthesizing module 'FF_SYNC__parameterized3' (1#1) [C:/Users/Lenovo/Desktop/Digital/Kareem-Waseem-Diplome/Design/Projects/Project1-DSP48A1/Try2/qestasim/DSP48A1.v:211]
INFO: [Synth 8-6155] done synthesizing module 'DSP48A1' (2#1) [C:/Users/Lenovo/Desktop/Digital/Kareem-Waseem-Diplome/Design/Projects/Project1-DSP48A1/Try2/qestasim/DSP48A1.v:1]
WARNING: [Synth 8-3331] design DSP48A1 has unconnected port CARRYIN
WARNING: [Synth 8-3331] design DSP48A1 has unconnected port BCIN[17]
WARNING: [Synth 8-3331] design DSP48A1 has unconnected port BCIN[16]
WARNING: [Synth 8-3331] design DSP48A1 has unconnected port BCIN[15]
WARNING: [Synth 8-3331] design DSP48A1 has unconnected port BCIN[14]
WARNING: [Synth 8-3331] design DSP48A1 has unconnected port BCIN[13]
WARNING: [Synth 8-3331] design DSP48A1 has unconnected port BCIN[12]
WARNING: [Synth 8-3331] design DSP48A1 has unconnected port BCIN[11]
WARNING: [Synth 8-3331] design DSP48A1 has unconnected port BCIN[10]
WARNING: [Synth 8-3331] design DSP48A1 has unconnected port BCIN[9]
WARNING: [Synth 8-3331] design DSP48A1 has unconnected port BCIN[8]
WARNING: [Synth 8-3331] design DSP48A1 has unconnected port BCIN[7]
WARNING: [Synth 8-3331] design DSP48A1 has unconnected port BCIN[6]
WARNING: [Synth 8-3331] design DSP48A1 has unconnected port BCIN[5]
WARNING: [Synth 8-3331] design DSP48A1 has unconnected port BCIN[4]
WARNING: [Synth 8-3331] design DSP48A1 has unconnected port BCIN[3]
WARNING: [Synth 8-3331] design DSP48A1 has unconnected port BCIN[2]
WARNING: [Synth 8-3331] design DSP48A1 has unconnected port BCIN[1]
WARNING: [Synth 8-3331] design DSP48A1 has unconnected port BCIN[0]
---------------------------------------------------------------------------------
Finished RTL Elaboration : Time (s): cpu = 00:00:05 ; elapsed = 00:00:09 . Memory (MB): peak = 400.320 ; gain = 143.602
---------------------------------------------------------------------------------

Report Check Netlist: 
+------+------------------+-------+---------+-------+------------------+
|      |Item              |Errors |Warnings |Status |Description       |
+------+------------------+-------+---------+-------+------------------+
|1     |multi_driven_nets |      0|        0|Passed |Multi driven nets |
+------+------------------+-------+---------+-------+------------------+
---------------------------------------------------------------------------------
Start Handling Custom Attributes
---------------------------------------------------------------------------------
---------------------------------------------------------------------------------
Finished Handling Custom Attributes : Time (s): cpu = 00:00:05 ; elapsed = 00:00:09 . Memory (MB): peak = 400.320 ; gain = 143.602
---------------------------------------------------------------------------------
---------------------------------------------------------------------------------
Finished RTL Optimization Phase 1 : Time (s): cpu = 00:00:05 ; elapsed = 00:00:09 . Memory (MB): peak = 400.320 ; gain = 143.602
---------------------------------------------------------------------------------
INFO: [Device 21-403] Loading part xc7a200tffg1156-3
INFO: [Project 1-570] Preparing netlist for logic optimization

Processing XDC Constraints
Initializing timing engine
Parsing XDC File [C:/Users/Lenovo/Desktop/Digital/Kareem-Waseem-Diplome/Design/Projects/Project1-DSP48A1/Try2/vivado/DSP48A1.xdc]
Finished Parsing XDC File [C:/Users/Lenovo/Desktop/Digital/Kareem-Waseem-Diplome/Design/Projects/Project1-DSP48A1/Try2/vivado/DSP48A1.xdc]
INFO: [Project 1-236] Implementation specific constraints were found while reading constraint file [C:/Users/Lenovo/Desktop/Digital/Kareem-Waseem-Diplome/Design/Projects/Project1-DSP48A1/Try2/vivado/DSP48A1.xdc]. These constraints will be ignored for synthesis but will be used in implementation. Impacted constraints are listed in the file [.Xil/DSP48A1_propImpl.xdc].
Resolution: To avoid this warning, move constraints listed in [.Xil/DSP48A1_propImpl.xdc] to another XDC file and exclude this new file from synthesis with the used_in_synthesis property (File Properties dialog in GUI) and re-run elaboration/synthesis.
Completed Processing XDC Constraints

INFO: [Project 1-111] Unisim Transformation Summary:
No Unisim elements were transformed.

Constraint Validation Runtime : Time (s): cpu = 00:00:00 ; elapsed = 00:00:00.005 . Memory (MB): peak = 813.738 ; gain = 0.000
---------------------------------------------------------------------------------
Finished Constraint Validation : Time (s): cpu = 00:00:50 ; elapsed = 00:01:26 . Memory (MB): peak = 813.738 ; gain = 557.020
---------------------------------------------------------------------------------
---------------------------------------------------------------------------------
Start Loading Part and Timing Information
---------------------------------------------------------------------------------
Loading part: xc7a200tffg1156-3
---------------------------------------------------------------------------------
Finished Loading Part and Timing Information : Time (s): cpu = 00:00:50 ; elapsed = 00:01:27 . Memory (MB): peak = 813.738 ; gain = 557.020
---------------------------------------------------------------------------------
---------------------------------------------------------------------------------
Start Applying 'set_property' XDC Constraints
---------------------------------------------------------------------------------
---------------------------------------------------------------------------------
Finished applying 'set_property' XDC Constraints : Time (s): cpu = 00:00:50 ; elapsed = 00:01:27 . Memory (MB): peak = 813.738 ; gain = 557.020
---------------------------------------------------------------------------------
INFO: [Synth 8-5818] HDL ADVISOR - The operator resource <adder> is shared. To prevent sharing consider applying a KEEP on the output of the operator [C:/Users/Lenovo/Desktop/Digital/Kareem-Waseem-Diplome/Design/Projects/Project1-DSP48A1/Try2/qestasim/DSP48A1.v:81]
INFO: [Synth 8-5818] HDL ADVISOR - The operator resource <adder> is shared. To prevent sharing consider applying a KEEP on the output of the operator [C:/Users/Lenovo/Desktop/Digital/Kareem-Waseem-Diplome/Design/Projects/Project1-DSP48A1/Try2/qestasim/DSP48A1.v:184]
---------------------------------------------------------------------------------
Finished RTL Optimization Phase 2 : Time (s): cpu = 00:00:50 ; elapsed = 00:01:28 . Memory (MB): peak = 813.738 ; gain = 557.020
---------------------------------------------------------------------------------

Report RTL Partitions: 
+-+--------------+------------+----------+
| |RTL Partition |Replication |Instances |
+-+--------------+------------+----------+
+-+--------------+------------+----------+
---------------------------------------------------------------------------------
Start RTL Component Statistics 
---------------------------------------------------------------------------------
Detailed RTL Component Info : 
+---Adders : 
	   2 Input     49 Bit       Adders := 1     
	   3 Input     49 Bit       Adders := 1     
	   3 Input     18 Bit       Adders := 1     
+---Registers : 
	               48 Bit    Registers := 2     
	               36 Bit    Registers := 1     
	               18 Bit    Registers := 3     
	                8 Bit    Registers := 1     
	                1 Bit    Registers := 2     
+---Muxes : 
	   2 Input     49 Bit        Muxes := 2     
	   4 Input     48 Bit        Muxes := 2     
	   2 Input     35 Bit        Muxes := 1     
	   2 Input     18 Bit        Muxes := 2     
---------------------------------------------------------------------------------
Finished RTL Component Statistics 
---------------------------------------------------------------------------------
---------------------------------------------------------------------------------
Start RTL Hierarchical Component Statistics 
---------------------------------------------------------------------------------
Hierarchical RTL Component report 
Module DSP48A1 
Detailed RTL Component Info : 
+---Adders : 
	   2 Input     49 Bit       Adders := 1     
	   3 Input     49 Bit       Adders := 1     
	   3 Input     18 Bit       Adders := 1     
+---Muxes : 
	   2 Input     49 Bit        Muxes := 2     
	   4 Input     48 Bit        Muxes := 2     
	   2 Input     35 Bit        Muxes := 1     
	   2 Input     18 Bit        Muxes := 2     
Module FF_SYNC 
Detailed RTL Component Info : 
+---Registers : 
	                8 Bit    Registers := 1     
Module FF_SYNC__parameterized0 
Detailed RTL Component Info : 
+---Registers : 
	               18 Bit    Registers := 1     
Module FF_SYNC__parameterized1 
Detailed RTL Component Info : 
+---Registers : 
	               36 Bit    Registers := 1     
Module FF_SYNC__parameterized2 
Detailed RTL Component Info : 
+---Registers : 
	               48 Bit    Registers := 1     
Module FF_SYNC__parameterized3 
Detailed RTL Component Info : 
+---Registers : 
	                1 Bit    Registers := 1     
---------------------------------------------------------------------------------
Finished RTL Hierarchical Component Statistics
---------------------------------------------------------------------------------
---------------------------------------------------------------------------------
Start Part Resource Summary
---------------------------------------------------------------------------------
Part Resources:
DSPs: 740 (col length:100)
BRAMs: 730 (col length: RAMB18 100 RAMB36 50)
---------------------------------------------------------------------------------
Finished Part Resource Summary
---------------------------------------------------------------------------------
---------------------------------------------------------------------------------
Start Cross Boundary and Area Optimization
---------------------------------------------------------------------------------
Warning: Parallel synthesis criteria is not met 
DSP Report: Generating DSP M_REG/Y_reg, operation Mode is: (C+A2*B2)'.
DSP Report: register B1_REG/Y_reg is absorbed into DSP M_REG/Y_reg.
DSP Report: register A1_REG/Y_reg is absorbed into DSP M_REG/Y_reg.
DSP Report: register M_REG/Y_reg is absorbed into DSP M_REG/Y_reg.
DSP Report: operator M_OUT is absorbed into DSP M_REG/Y_reg.
DSP Report: operator M_OUT is absorbed into DSP M_REG/Y_reg.
WARNING: [Synth 8-3331] design DSP48A1 has unconnected port CARRYIN
WARNING: [Synth 8-3331] design DSP48A1 has unconnected port BCIN[17]
WARNING: [Synth 8-3331] design DSP48A1 has unconnected port BCIN[16]
WARNING: [Synth 8-3331] design DSP48A1 has unconnected port BCIN[15]
WARNING: [Synth 8-3331] design DSP48A1 has unconnected port BCIN[14]
WARNING: [Synth 8-3331] design DSP48A1 has unconnected port BCIN[13]
WARNING: [Synth 8-3331] design DSP48A1 has unconnected port BCIN[12]
WARNING: [Synth 8-3331] design DSP48A1 has unconnected port BCIN[11]
WARNING: [Synth 8-3331] design DSP48A1 has unconnected port BCIN[10]
WARNING: [Synth 8-3331] design DSP48A1 has unconnected port BCIN[9]
WARNING: [Synth 8-3331] design DSP48A1 has unconnected port BCIN[8]
WARNING: [Synth 8-3331] design DSP48A1 has unconnected port BCIN[7]
WARNING: [Synth 8-3331] design DSP48A1 has unconnected port BCIN[6]
WARNING: [Synth 8-3331] design DSP48A1 has unconnected port BCIN[5]
WARNING: [Synth 8-3331] design DSP48A1 has unconnected port BCIN[4]
WARNING: [Synth 8-3331] design DSP48A1 has unconnected port BCIN[3]
WARNING: [Synth 8-3331] design DSP48A1 has unconnected port BCIN[2]
WARNING: [Synth 8-3331] design DSP48A1 has unconnected port BCIN[1]
WARNING: [Synth 8-3331] design DSP48A1 has unconnected port BCIN[0]
---------------------------------------------------------------------------------
Finished Cross Boundary and Area Optimization : Time (s): cpu = 00:00:53 ; elapsed = 00:01:33 . Memory (MB): peak = 813.738 ; gain = 557.020
---------------------------------------------------------------------------------
---------------------------------------------------------------------------------
Start ROM, RAM, DSP and Shift Register Reporting
---------------------------------------------------------------------------------

DSP: Preliminary Mapping  Report (see note below)
+------------+-------------+--------+--------+--------+--------+--------+------+------+------+------+-------+------+------+
|Module Name | DSP Mapping | A Size | B Size | C Size | D Size | P Size | AREG | BREG | CREG | DREG | ADREG | MREG | PREG | 
+------------+-------------+--------+--------+--------+--------+--------+------+------+------+------+-------+------+------+
|DSP48A1     | (C+A2*B2)'  | 18     | 17     | 35     | -      | 36     | 1    | 1    | 0    | -    | -     | 0    | 1    | 
+------------+-------------+--------+--------+--------+--------+--------+------+------+------+------+-------+------+------+

Note: The table above is a preliminary report that shows the DSPs inferred at the current stage of the synthesis flow. Some DSP may be reimplemented as non DSP primitives later in the synthesis flow. Multiple instantiated DSPs are reported only once.
---------------------------------------------------------------------------------
Finished ROM, RAM, DSP and Shift Register Reporting
---------------------------------------------------------------------------------

Report RTL Partitions: 
+-+--------------+------------+----------+
| |RTL Partition |Replication |Instances |
+-+--------------+------------+----------+
+-+--------------+------------+----------+
---------------------------------------------------------------------------------
Start Applying XDC Timing Constraints
---------------------------------------------------------------------------------
---------------------------------------------------------------------------------
Finished Applying XDC Timing Constraints : Time (s): cpu = 00:01:11 ; elapsed = 00:02:07 . Memory (MB): peak = 851.801 ; gain = 595.082
---------------------------------------------------------------------------------
---------------------------------------------------------------------------------
Start Timing Optimization
---------------------------------------------------------------------------------
---------------------------------------------------------------------------------
Finished Timing Optimization : Time (s): cpu = 00:01:13 ; elapsed = 00:02:10 . Memory (MB): peak = 882.812 ; gain = 626.094
---------------------------------------------------------------------------------

Report RTL Partitions: 
+-+--------------+------------+----------+
| |RTL Partition |Replication |Instances |
+-+--------------+------------+----------+
+-+--------------+------------+----------+
---------------------------------------------------------------------------------
Start Technology Mapping
---------------------------------------------------------------------------------
INFO: [Synth 8-5842] Cannot pack DSP OPMODE registers because of constant '1' value. Packing the registers will cause simulation mismatch at initial cycle [C:/Users/Lenovo/Desktop/Digital/Kareem-Waseem-Diplome/Design/Projects/Project1-DSP48A1/Try2/qestasim/DSP48A1.v:125]
---------------------------------------------------------------------------------
Finished Technology Mapping : Time (s): cpu = 00:01:13 ; elapsed = 00:02:11 . Memory (MB): peak = 882.812 ; gain = 626.094
---------------------------------------------------------------------------------

Report RTL Partitions: 
+-+--------------+------------+----------+
| |RTL Partition |Replication |Instances |
+-+--------------+------------+----------+
+-+--------------+------------+----------+
---------------------------------------------------------------------------------
Start IO Insertion
---------------------------------------------------------------------------------
---------------------------------------------------------------------------------
Start Flattening Before IO Insertion
---------------------------------------------------------------------------------
---------------------------------------------------------------------------------
Finished Flattening Before IO Insertion
---------------------------------------------------------------------------------
---------------------------------------------------------------------------------
Start Final Netlist Cleanup
---------------------------------------------------------------------------------
---------------------------------------------------------------------------------
Finished Final Netlist Cleanup
---------------------------------------------------------------------------------
---------------------------------------------------------------------------------
Finished IO Insertion : Time (s): cpu = 00:01:15 ; elapsed = 00:02:15 . Memory (MB): peak = 882.812 ; gain = 626.094
---------------------------------------------------------------------------------

Report Check Netlist: 
+------+------------------+-------+---------+-------+------------------+
|      |Item              |Errors |Warnings |Status |Description       |
+------+------------------+-------+---------+-------+------------------+
|1     |multi_driven_nets |      0|        0|Passed |Multi driven nets |
+------+------------------+-------+---------+-------+------------------+
---------------------------------------------------------------------------------
Start Renaming Generated Instances
---------------------------------------------------------------------------------
---------------------------------------------------------------------------------
Finished Renaming Generated Instances : Time (s): cpu = 00:01:15 ; elapsed = 00:02:15 . Memory (MB): peak = 882.812 ; gain = 626.094
---------------------------------------------------------------------------------

Report RTL Partitions: 
+-+--------------+------------+----------+
| |RTL Partition |Replication |Instances |
+-+--------------+------------+----------+
+-+--------------+------------+----------+
---------------------------------------------------------------------------------
Start Rebuilding User Hierarchy
---------------------------------------------------------------------------------
---------------------------------------------------------------------------------
Finished Rebuilding User Hierarchy : Time (s): cpu = 00:01:15 ; elapsed = 00:02:15 . Memory (MB): peak = 882.812 ; gain = 626.094
---------------------------------------------------------------------------------
---------------------------------------------------------------------------------
Start Renaming Generated Ports
---------------------------------------------------------------------------------
---------------------------------------------------------------------------------
Finished Renaming Generated Ports : Time (s): cpu = 00:01:15 ; elapsed = 00:02:15 . Memory (MB): peak = 882.812 ; gain = 626.094
---------------------------------------------------------------------------------
---------------------------------------------------------------------------------
Start Handling Custom Attributes
---------------------------------------------------------------------------------
---------------------------------------------------------------------------------
Finished Handling Custom Attributes : Time (s): cpu = 00:01:15 ; elapsed = 00:02:15 . Memory (MB): peak = 882.812 ; gain = 626.094
---------------------------------------------------------------------------------
---------------------------------------------------------------------------------
Start Renaming Generated Nets
---------------------------------------------------------------------------------
---------------------------------------------------------------------------------
Finished Renaming Generated Nets : Time (s): cpu = 00:01:15 ; elapsed = 00:02:15 . Memory (MB): peak = 882.812 ; gain = 626.094
---------------------------------------------------------------------------------
---------------------------------------------------------------------------------
Start Writing Synthesis Report
---------------------------------------------------------------------------------

Report BlackBoxes: 
+-+--------------+----------+
| |BlackBox name |Instances |
+-+--------------+----------+
+-+--------------+----------+

Report Cell Usage: 
+------+----------+------+
|      |Cell      |Count |
+------+----------+------+
|1     |BUFG      |     1|
|2     |CARRY4    |    31|
|3     |DSP48E1_1 |     1|
|4     |LUT1      |     1|
|5     |LUT2      |     1|
|6     |LUT3      |    82|
|7     |LUT4      |    61|
|8     |LUT5      |    83|
|9     |LUT6      |     1|
|10    |FDRE      |   160|
|11    |IBUF      |   175|
|12    |OBUF      |   152|
+------+----------+------+

Report Instance Areas: 
+------+---------------+--------------------------+------+
|      |Instance       |Module                    |Cells |
+------+---------------+--------------------------+------+
|1     |top            |                          |   749|
|2     |  A1_REG       |FF_SYNC__parameterized0   |    18|
|3     |  B1_REG       |FF_SYNC__parameterized0_0 |    18|
|4     |  CARRYIN_REG  |FF_SYNC__parameterized3   |     2|
|5     |  CARRYOUT_REG |FF_SYNC__parameterized3_1 |     1|
|6     |  C_REG        |FF_SYNC__parameterized2   |    48|
|7     |  D_REG        |FF_SYNC__parameterized0_2 |    23|
|8     |  M_REG        |FF_SYNC__parameterized1   |     1|
|9     |  OPMODE_REG   |FF_SYNC                   |   261|
|10    |  P_REG        |FF_SYNC__parameterized2_3 |    48|
+------+---------------+--------------------------+------+
---------------------------------------------------------------------------------
Finished Writing Synthesis Report : Time (s): cpu = 00:01:15 ; elapsed = 00:02:15 . Memory (MB): peak = 882.812 ; gain = 626.094
---------------------------------------------------------------------------------
Synthesis finished with 0 errors, 0 critical warnings and 19 warnings.
Synthesis Optimization Runtime : Time (s): cpu = 00:00:30 ; elapsed = 00:01:06 . Memory (MB): peak = 882.812 ; gain = 212.676
Synthesis Optimization Complete : Time (s): cpu = 00:01:16 ; elapsed = 00:02:17 . Memory (MB): peak = 882.812 ; gain = 626.094
INFO: [Project 1-571] Translating synthesized netlist
INFO: [Netlist 29-17] Analyzing 207 Unisim elements for replacement
INFO: [Netlist 29-28] Unisim Transformation completed in 0 CPU seconds
INFO: [Project 1-570] Preparing netlist for logic optimization
INFO: [Opt 31-138] Pushed 0 inverter(s) to 0 load pin(s).
INFO: [Project 1-111] Unisim Transformation Summary:
No Unisim elements were transformed.

INFO: [Common 17-83] Releasing license: Synthesis
27 Infos, 39 Warnings, 0 Critical Warnings and 0 Errors encountered.
synth_design completed successfully
synth_design: Time (s): cpu = 00:01:18 ; elapsed = 00:02:22 . Memory (MB): peak = 882.812 ; gain = 639.074
WARNING: [Constraints 18-5210] No constraint will be written out.
INFO: [Common 17-1381] The checkpoint 'C:/Users/Lenovo/Desktop/Digital/Kareem-Waseem-Diplome/Design/Projects/Project1-DSP48A1/Try2/vivado/DSP48A1/DSP48A1.runs/synth_1/DSP48A1.dcp' has been generated.
INFO: [runtcl-4] Executing : report_utilization -file DSP48A1_utilization_synth.rpt -pb DSP48A1_utilization_synth.pb
report_utilization: Time (s): cpu = 00:00:00 ; elapsed = 00:00:00.328 . Memory (MB): peak = 882.812 ; gain = 0.000
INFO: [Common 17-206] Exiting Vivado at Wed Aug 13 03:13:17 2025...
